<?xml version="1.0" encoding="UTF-8"?>
<!-- Generated by org.testng.reporters.JUnitReportReporter -->
<testsuite skipped="0" hostname="hepcbe147" name="AutoSuggestiveDropdown" tests="1" failures="0" timestamp="18 Sep 2019 06:51:35 GMT" time="1.136" errors="0">
  <testcase name="AutoSuggestive" time="1.136" classname="AutoSuggestiveDropdown"/>
</testsuite> <!-- AutoSuggestiveDropdown -->
