<?xml version="1.0" encoding="UTF-8"?>
<!-- Generated by org.testng.reporters.JUnitReportReporter -->
<<<<<<< HEAD
<testsuite skipped="0" hostname="hepcbe147" name="calenderRedBus" tests="1" failures="0" timestamp="25 Sep 2019 13:03:39 GMT" time="2.645" errors="0">
  <testcase name="searchBus" time="2.645" classname="calenderRedBus"/>
</testsuite> <!-- calenderRedBus -->
=======
<testsuite skipped="0" hostname="RajeshrJ97" name="CalenderRedbus" tests="2" failures="0" timestamp="2019-09-25T22:44:22 IST" time="8.698" errors="0">
  <testcase name="searchBus" time="2.235" classname="CalenderRedbus"/>
  <testcase name="SelectDateFromCal" time="6.463" classname="CalenderRedbus"/>
</testsuite> <!-- CalenderRedbus -->
>>>>>>> 3efe8502c680f01932a7fbbdfdb80b4c440f5153
