<?xml version="1.0" encoding="UTF-8"?>
<!-- Generated by org.testng.reporters.JUnitReportReporter -->
<testsuite hostname="LetsVentures-MacBook-Pro.local" failures="0" tests="1" name="DockerTest" time="33.139" errors="0" timestamp="2019-12-11T22:51:09 IST" skipped="0">
  <testcase classname="DockerTest" name="runTestOnDocker" time="33.139"/>
</testsuite> <!-- DockerTest -->
