<?xml version="1.0" encoding="UTF-8"?>
<!-- Generated by org.testng.reporters.JUnitReportReporter -->
<testsuite skipped="0" hostname="RajeshrJ97" name="webtableToExcel" tests="1" failures="0" timestamp="2019-09-05T17:22:48 IST" time="1.124" errors="0">
  <testcase name="WebTableHandle" time="1.124" classname="webtableToExcel"/>
</testsuite> <!-- webtableToExcel -->
