<?xml version="1.0" encoding="UTF-8"?>
<!-- Generated by org.testng.reporters.JUnitReportReporter -->
<testsuite skipped="0" hostname="hepcbe147" name="FrameHandling" tests="1" failures="0" timestamp="23 Aug 2019 12:58:32 GMT" time="0.513" errors="0">
  <testcase name="frameHandling" time="0.513" classname="FrameHandling"/>
</testsuite> <!-- FrameHandling -->
