<?xml version="1.0" encoding="UTF-8"?>
<!-- Generated by org.testng.reporters.JUnitReportReporter -->
<testsuite skipped="0" hostname="hepcbe147" name="windowHandle" tests="1" failures="0" timestamp="22 Aug 2019 01:48:14 GMT" time="26.253" errors="0">
  <testcase name="windowHandle" time="26.253" classname="windowHandle"/>
</testsuite> <!-- windowHandle -->
